<?xml version="1.0" encoding="UTF-8"?>
<!-- Generated by org.testng.reporters.JUnitReportReporter -->
<testsuite skipped="3" hostname="ASDP1534PO01976" name="Test.MainTest" tests="4" failures="0" timestamp="28 Jun 2018 13:23:02 GMT" time="2.059" errors="1">
  <testcase name="attempClickingBasicCourse" time="0.000" classname="Test.MainTest">
    <skipped/>
  </testcase> <!-- attempClickingBasicCourse -->
  <testcase name="openTatocLink" time="2.059" classname="Test.MainTest">
    <error type="java.io.FileNotFoundException" message="/home/qainfotech/eclipse-workspace/TatocModular/src/locators/basiclocators.txt (No such file or directory)">
      <![CDATA[java.io.FileNotFoundException: /home/qainfotech/eclipse-workspace/TatocModular/src/locators/basiclocators.txt (No such file or directory)
at java.io.FileInputStream.open0(Native Method)
at java.io.FileInputStream.open(FileInputStream.java:195)
at java.io.FileInputStream.<init>(FileInputStream.java:138)
at java.io.FileInputStream.<init>(FileInputStream.java:93)
at java.io.FileReader.<init>(FileReader.java:58)
at Action_keyword.Locatersmap.<init>(Locatersmap.java:18)
at Util.WebElementLocators.<init>(WebElementLocators.java:16)
at Action_keyword.FirstPageActions.<init>(FirstPageActions.java:15)
at Test.MainTest.openTatocLink(MainTest.java:22)
at sun.reflect.NativeMethodAccessorImpl.invoke0(Native Method)
at sun.reflect.NativeMethodAccessorImpl.invoke(NativeMethodAccessorImpl.java:62)
at sun.reflect.DelegatingMethodAccessorImpl.invoke(DelegatingMethodAccessorImpl.java:43)
at java.lang.reflect.Method.invoke(Method.java:498)
at org.testng.internal.MethodInvocationHelper.invokeMethod(MethodInvocationHelper.java:124)
at org.testng.internal.MethodInvocationHelper.invokeMethodConsideringTimeout(MethodInvocationHelper.java:59)
at org.testng.internal.Invoker.invokeConfigurationMethod(Invoker.java:455)
at org.testng.internal.Invoker.invokeConfigurations(Invoker.java:222)
at org.testng.internal.Invoker.invokeConfigurations(Invoker.java:142)
at org.testng.TestRunner.beforeRun(TestRunner.java:529)
at org.testng.TestRunner.run(TestRunner.java:497)
at org.testng.SuiteRunner.runTest(SuiteRunner.java:455)
at org.testng.SuiteRunner.runSequentially(SuiteRunner.java:450)
at org.testng.SuiteRunner.privateRun(SuiteRunner.java:415)
at org.testng.SuiteRunner.run(SuiteRunner.java:364)
at org.testng.SuiteRunnerWorker.runSuite(SuiteRunnerWorker.java:52)
at org.testng.SuiteRunnerWorker.run(SuiteRunnerWorker.java:84)
at org.testng.TestNG.runSuitesSequentially(TestNG.java:1208)
at org.testng.TestNG.runSuitesLocally(TestNG.java:1137)
at org.testng.TestNG.runSuites(TestNG.java:1049)
at org.testng.TestNG.run(TestNG.java:1017)
at org.testng.remote.AbstractRemoteTestNG.run(AbstractRemoteTestNG.java:114)
at org.testng.remote.RemoteTestNG.initAndRun(RemoteTestNG.java:251)
at org.testng.remote.RemoteTestNG.main(RemoteTestNG.java:77)
]]>
    </error>
  </testcase> <!-- openTatocLink -->
  <testcase name="attempGridBoxPage" time="0.000" classname="Test.MainTest">
    <skipped/>
  </testcase> <!-- attempGridBoxPage -->
  <testcase name="attemptFrameAndDungeonPage" time="0.000" classname="Test.MainTest">
    <skipped/>
  </testcase> <!-- attemptFrameAndDungeonPage -->
</testsuite> <!-- Test.MainTest -->
